<?xml version="1.0" encoding="UTF-8"?>
<!-- Generated by org.testng.reporters.JUnitReportReporter -->
<testsuite skipped="0" hostname="TIPS" name="test.LoginTest" tests="1" failures="0" timestamp="2022-02-09T19:07:25 CST" time="5.197" errors="0">
  <testcase name="validUserShouldBeAbleToLogIn" time="5.197" classname="test.LoginTest"/>
  <system-out/>
</testsuite> <!-- test.LoginTest -->
